[INFO ] 2023-03-01 11:09:25.892 [main] Menu - Создан новый заказnumber: 16, name: Хурма, quality: 5.0, price: 2.0, amount: 10.0, deleted: false
[INFO ] 2023-03-01 11:15:14.452 [main] Menu - Создан новый заказnumber: 18, name: Лук, quality: 1.0, price: 4.0, amount: 4.0, deleted: false
[INFO ] 2023-03-02 07:02:00.282 [main] Menu - Заказ удален.
[INFO ] 2023-03-02 07:14:00.784 [main] Menu - Создан новый заказ number: 1, name: Лук, quality: 1.0, price: 1.0, amount: 1.0, deleted: false
[INFO ] 2023-03-02 07:14:55.816 [main] Menu - Создан новый заказ number: 2, name: сыр, quality: 2.0, price: 6.0, amount: 12.0, deleted: false
[INFO ] 2023-03-02 07:15:24.734 [main] Menu - Создан новый заказ number: 3, name: Киви, quality: 2.0, price: 4.0, amount: 8.0, deleted: false
[INFO ] 2023-03-02 07:22:09.306 [main] Menu - Создан новый заказ number: 4, name: Груша_Китайская, quality: 2.0, price: 3.0, amount: 6.0, deleted: false
[ERROR] 2023-03-02 16:09:49.197 [main] Menu - Файл c именем: orders_txt не найден
[INFO ] 2023-03-03 06:02:57.605 [main] Menu - Заказ удален.
[INFO ] 2023-03-03 06:04:05.380 [main] Menu - Заказ удален.
[INFO ] 2023-03-03 06:47:25.757 [main] Menu - Выбрали несуществующий пункт меню
[INFO ] 2023-03-03 06:47:25.764 [main] Menu - Выбрали несуществующий пункт меню
[INFO ] 2023-03-03 06:48:50.014 [main] Menu - Выбрали несуществующий пункт меню
[INFO ] 2023-03-03 06:48:50.015 [main] Menu - Выбрали несуществующий пункт меню
[INFO ] 2023-03-03 06:48:55.467 [main] Menu - Выбрали несуществующий пункт меню
[INFO ] 2023-03-03 06:48:55.468 [main] Menu - Выбрали несуществующий пункт меню
[INFO ] 2023-03-03 06:48:57.335 [main] Menu - Выбрали несуществующий пункт меню
[INFO ] 2023-03-03 06:48:57.336 [main] Menu - Выбрали несуществующий пункт меню
[INFO ] 2023-03-03 07:23:21.031 [main] Menu - Создан новый заказ number: 5, name: , quality: 2.0, price: 2.0, amount: 4.0, deleted: false
[INFO ] 2023-03-03 07:24:47.572 [main] Menu - Заказ успешно удален!
[INFO ] 2023-03-03 07:36:30.285 [main] Menu - Создан новый заказ number: 5, название товара: Слива, количество: 3.0, цена: 3.0, итоговая цена: 9.0, deleted: false
[INFO ] 2023-03-03 07:39:06.883 [main] Menu - Создан новый заказ: №: 6, название товара: Картофель, количество: 5.0, цена: 2.0, итоговая цена: 10.0, deleted: false
[INFO ] 2023-03-04 13:44:24.555 [main] Menu - Создан новый заказ: №: 0, название товара: null, количество: 0.0, цена: 0.0, итоговая цена: 0.0, deleted: false
[INFO ] 2023-03-05 01:13:26.534 [main] Menu - Создан новый заказ: №: 0, название товара: null, количество: 0.0, цена: 0.0, итоговая цена: 10.0
[INFO ] 2023-03-05 01:14:17.706 [main] Menu - Создан новый заказ: №: 0, название товара: null, количество: 0.0, цена: 0.0, итоговая цена: 1.0
[INFO ] 2023-03-05 02:50:26.808 [main] Menu - Создан новый заказ: №: 4, название товара: iiiii, количество: 2.0, цена: 2.0, итоговая цена: 4.0
[INFO ] 2023-03-05 07:12:17.689 [main] Menu - Создан новый заказ: №: 4, название товара: ццццц, количество: 1.0, цена: 1.0, итоговая цена: 1.0
[INFO ] 2023-03-05 20:14:11.368 [main] Menu - Создан новый заказ number: 5, name: Фасоль, quality: 1.0, price: 5.0, amount: 5.0, deleted: false
[INFO ] 2023-03-05 20:16:43.770 [main] Menu - Создан новый заказ number: 5, name: Фасоь, quality: 2.0, price: 5.0, amount: 10.0, deleted: false
[INFO ] 2023-03-05 20:18:37.299 [main] Menu - Создан новый заказ number: 6, name: Кукуруза, quality: 1.0, price: 3.0, amount: 3.0, deleted: false
[INFO ] 2023-03-05 20:19:32.707 [main] Menu - Создан новый заказ number: 6, name: Кукуруза, quality: 1.0, price: 3.0, amount: 3.0, deleted: false
[INFO ] 2023-03-05 20:21:06.032 [main] Menu - Создан новый заказ number: 6, name: 2222222222222, quality: 2.0, price: 2.0, amount: 4.0, deleted: false
[INFO ] 2023-03-05 20:21:55.959 [main] Menu - Создан новый заказ number: 7, name: Картофель, quality: 5.0, price: 1.0, amount: 5.0, deleted: false
[INFO ] 2023-03-05 20:22:34.074 [main] Menu - Создан новый заказ number: 8, name: Кукуруза, quality: 3.0, price: 3.0, amount: 9.0, deleted: false
[INFO ] 2023-03-05 20:24:29.302 [main] Menu - Заказ удален.
[INFO ] 2023-03-05 20:25:34.045 [main] Menu - Создан новый заказ number: 9, name: Груша, quality: 3.0, price: 4.0, amount: 12.0, deleted: false
[INFO ] 2023-03-05 20:29:20.593 [main] Menu - Создан новый заказ number: 10, name: Морковь, quality: 2.0, price: 2.0, amount: 4.0
[INFO ] 2023-03-05 20:57:48.155 [main] Menu - Создан новый заказ number: 11, name: Лук, quality: 1.0, price: 3.0, amount: 3.0
[INFO ] 2023-03-05 21:15:40.229 [main] Menu - Создан новый заказ number: 12, name: Мандарины, quality: 5.0, price: 3.0, amount: 15.0
